<?xml version="1.0" encoding="UTF-8"?>
<testsuite xmlns:xsi="http://www.w3.org/2001/XMLSchema-instance" xsi:noNamespaceSchemaLocation="https://maven.apache.org/surefire/maven-surefire-plugin/xsd/surefire-test-report-3.0.xsd" version="3.0" name="TestSuite" time="0.472" tests="4" errors="0" skipped="0" failures="0">
  <properties>
[...]
</properties>
  <testcase name="test3" classname="testcases.CarLoanTest" time="0.001">
    <system-out><![CDATA[Inside before test
Inside before method
Inside Car Loan test3
]]></system-out>
    <system-err><![CDATA[SLF4J: Failed to load class "org.slf4j.impl.StaticLoggerBinder".
SLF4J: Defaulting to no-operation (NOP) logger implementation
SLF4J: See http://www.slf4j.org/codes.html#StaticLoggerBinder for further details.
]]></system-err>
  </testcase>
  <testcase name="test4" classname="testcases.CreditCardTest" time="0.001">
    <system-out><![CDATA[Inside after method
Inside before method
Inside CC test4
]]></system-out>
  </testcase>
  <testcase name="test1" classname="testcases.HomeLoanTest" time="0.001">
    <system-out><![CDATA[Inside after method
Inside before method
Inside home loan test1
]]></system-out>
  </testcase>
  <testcase name="test2" classname="testcases.HomeLoanTest" time="0.001">
    <system-out><![CDATA[Inside after method
Inside before method
Inside HL test2
]]></system-out>
  </testcase>
</testsuite>