<?xml version="1.0" encoding="UTF-8"?>
<testng-results ignored="0" total="4" passed="4" failed="0" skipped="0">
  <reporter-output>
  </reporter-output>
  <suite started-at="2023-12-17T07:20:29 IST" name="Surefire suite" finished-at="2023-12-17T07:20:29 IST" duration-ms="52">
    <groups>
      <group name="regression">
        <method signature="HomeLoanTest.test1()[pri:0, instance:testcases.HomeLoanTest@79ad8b2f]" name="test1" class="testcases.HomeLoanTest"/>
      </group> <!-- regression -->
      <group name="sanity">
        <method signature="CreditCardTest.test4()[pri:0, instance:testcases.CreditCardTest@402e37bc]" name="test4" class="testcases.CreditCardTest"/>
        <method signature="HomeLoanTest.test1()[pri:0, instance:testcases.HomeLoanTest@79ad8b2f]" name="test1" class="testcases.HomeLoanTest"/>
      </group> <!-- sanity -->
    </groups>
    <test started-at="2023-12-17T07:20:29 IST" name="Surefire test" finished-at="2023-12-17T07:20:29 IST" duration-ms="52">
      <class name="testcases.CarLoanTest">
        <test-method is-config="true" signature="method3()[pri:0, instance:testcases.CarLoanTest@290d210d]" started-at="2023-12-17T07:20:29 IST" name="method3" finished-at="2023-12-17T07:20:29 IST" duration-ms="8" status="PASS">
          <reporter-output>
          </reporter-output>
        </test-method> <!-- method3 -->
        <test-method is-config="true" signature="method1()[pri:0, instance:testcases.CarLoanTest@290d210d]" started-at="2023-12-17T07:20:29 IST" name="method1" finished-at="2023-12-17T07:20:29 IST" duration-ms="0" status="PASS">
          <reporter-output>
          </reporter-output>
        </test-method> <!-- method1 -->
        <test-method signature="test3()[pri:0, instance:testcases.CarLoanTest@290d210d]" started-at="2023-12-17T07:20:29 IST" name="test3" finished-at="2023-12-17T07:20:29 IST" duration-ms="1" status="PASS">
          <reporter-output>
          </reporter-output>
        </test-method> <!-- test3 -->
        <test-method is-config="true" signature="Method2()[pri:0, instance:testcases.CarLoanTest@290d210d]" started-at="2023-12-17T07:20:29 IST" name="Method2" finished-at="2023-12-17T07:20:29 IST" duration-ms="1" status="PASS">
          <reporter-output>
          </reporter-output>
        </test-method> <!-- Method2 -->
        <test-method is-config="true" signature="method4()[pri:0, instance:testcases.CarLoanTest@290d210d]" started-at="2023-12-17T07:20:29 IST" name="method4" finished-at="2023-12-17T07:20:29 IST" duration-ms="1" status="PASS">
          <reporter-output>
          </reporter-output>
        </test-method> <!-- method4 -->
      </class> <!-- testcases.CarLoanTest -->
      <class name="testcases.CreditCardTest">
        <test-method is-config="true" signature="method1()[pri:0, instance:testcases.CreditCardTest@402e37bc]" started-at="2023-12-17T07:20:29 IST" name="method1" finished-at="2023-12-17T07:20:29 IST" duration-ms="1" status="PASS">
          <reporter-output>
          </reporter-output>
        </test-method> <!-- method1 -->
        <test-method signature="test4()[pri:0, instance:testcases.CreditCardTest@402e37bc]" started-at="2023-12-17T07:20:29 IST" name="test4" finished-at="2023-12-17T07:20:29 IST" duration-ms="1" status="PASS">
          <reporter-output>
          </reporter-output>
        </test-method> <!-- test4 -->
        <test-method is-config="true" signature="Method2()[pri:0, instance:testcases.CreditCardTest@402e37bc]" started-at="2023-12-17T07:20:29 IST" name="Method2" finished-at="2023-12-17T07:20:29 IST" duration-ms="0" status="PASS">
          <reporter-output>
          </reporter-output>
        </test-method> <!-- Method2 -->
      </class> <!-- testcases.CreditCardTest -->
      <class name="testcases.HomeLoanTest">
        <test-method signature="test1()[pri:0, instance:testcases.HomeLoanTest@79ad8b2f]" started-at="2023-12-17T07:20:29 IST" name="test1" finished-at="2023-12-17T07:20:29 IST" duration-ms="1" status="PASS">
          <reporter-output>
          </reporter-output>
        </test-method> <!-- test1 -->
        <test-method is-config="true" signature="method1()[pri:0, instance:testcases.HomeLoanTest@79ad8b2f]" started-at="2023-12-17T07:20:29 IST" name="method1" finished-at="2023-12-17T07:20:29 IST" duration-ms="0" status="PASS">
          <reporter-output>
          </reporter-output>
        </test-method> <!-- method1 -->
        <test-method is-config="true" signature="Method2()[pri:0, instance:testcases.HomeLoanTest@79ad8b2f]" started-at="2023-12-17T07:20:29 IST" name="Method2" finished-at="2023-12-17T07:20:29 IST" duration-ms="0" status="PASS">
          <reporter-output>
          </reporter-output>
        </test-method> <!-- Method2 -->
        <test-method is-config="true" signature="method1()[pri:0, instance:testcases.HomeLoanTest@79ad8b2f]" started-at="2023-12-17T07:20:29 IST" name="method1" finished-at="2023-12-17T07:20:29 IST" duration-ms="1" status="PASS">
          <reporter-output>
          </reporter-output>
        </test-method> <!-- method1 -->
        <test-method signature="test2()[pri:2, instance:testcases.HomeLoanTest@79ad8b2f]" started-at="2023-12-17T07:20:29 IST" name="test2" finished-at="2023-12-17T07:20:29 IST" duration-ms="0" status="PASS">
          <reporter-output>
          </reporter-output>
        </test-method> <!-- test2 -->
        <test-method is-config="true" signature="Method2()[pri:0, instance:testcases.HomeLoanTest@79ad8b2f]" started-at="2023-12-17T07:20:29 IST" name="Method2" finished-at="2023-12-17T07:20:29 IST" duration-ms="0" status="PASS">
          <reporter-output>
          </reporter-output>
        </test-method> <!-- Method2 -->
      </class> <!-- testcases.HomeLoanTest -->
    </test> <!-- Surefire test -->
  </suite> <!-- Surefire suite -->
</testng-results>
