<?xml version="1.0" encoding="UTF-8"?>
<!-- Generated by org.testng.reporters.JUnitXMLReporter -->
<testsuite ignored="4" hostname="IN-NOI-LAKSHT1" failures="0" tests="4" name="Surefire test" time="0.052" errors="0" timestamp="2023-12-17T07:20:29 IST">
  <testcase classname="testcases.CarLoanTest" name="test3" time="0.001"/>
  <testcase classname="testcases.CreditCardTest" name="test4" time="0.001"/>
  <testcase classname="testcases.HomeLoanTest" name="test1" time="0.001"/>
  <testcase classname="testcases.HomeLoanTest" name="test2" time="0.0"/>
  <testcase classname="testcases.BaseClass" name="@BeforeTest method3" time="0.0">
    <ignored/>
  </testcase> <!-- @BeforeTest method3 -->
  <testcase classname="testcases.BaseClass" name="@AfterTest method4" time="0.0">
    <ignored/>
  </testcase> <!-- @AfterTest method4 -->
  <testcase classname="testcases.BaseClass" name="@BeforeTest method3" time="0.0">
    <ignored/>
  </testcase> <!-- @BeforeTest method3 -->
  <testcase classname="testcases.BaseClass" name="@AfterTest method4" time="0.0">
    <ignored/>
  </testcase> <!-- @AfterTest method4 -->
</testsuite> <!-- Surefire test -->
