<?xml version="1.0" encoding="UTF-8"?>
<testng-results ignored="0" total="2" passed="2" failed="0" skipped="0">
  <reporter-output>
  </reporter-output>
  <suite started-at="2023-12-17T07:05:39 IST" name="Regression" finished-at="2023-12-17T07:05:39 IST" duration-ms="54">
    <groups>
      <group name="regression">
        <method signature="HomeLoanTest.test1()[pri:0, instance:testcases.HomeLoanTest@66f57048]" name="test1" class="testcases.HomeLoanTest"/>
      </group> <!-- regression -->
      <group name="sanity">
        <method signature="CreditCardTest.test4()[pri:0, instance:testcases.CreditCardTest@290222c1]" name="test4" class="testcases.CreditCardTest"/>
        <method signature="HomeLoanTest.test1()[pri:0, instance:testcases.HomeLoanTest@66f57048]" name="test1" class="testcases.HomeLoanTest"/>
      </group> <!-- sanity -->
    </groups>
    <test started-at="2023-12-17T07:05:39 IST" name="Test" finished-at="2023-12-17T07:05:39 IST" duration-ms="54">
      <class name="testcases.CreditCardTest">
        <test-method signature="test4()[pri:0, instance:testcases.CreditCardTest@290222c1]" started-at="2023-12-17T07:05:39 IST" name="test4" finished-at="2023-12-17T07:05:39 IST" duration-ms="0" status="PASS">
          <reporter-output>
          </reporter-output>
        </test-method> <!-- test4 -->
      </class> <!-- testcases.CreditCardTest -->
      <class name="testcases.HomeLoanTest">
        <test-method is-config="true" signature="method3()[pri:0, instance:testcases.HomeLoanTest@66f57048]" started-at="2023-12-17T07:05:39 IST" name="method3" finished-at="2023-12-17T07:05:39 IST" duration-ms="9" status="PASS">
          <reporter-output>
          </reporter-output>
        </test-method> <!-- method3 -->
        <test-method signature="test1()[pri:0, instance:testcases.HomeLoanTest@66f57048]" started-at="2023-12-17T07:05:39 IST" name="test1" finished-at="2023-12-17T07:05:39 IST" duration-ms="4" status="PASS">
          <reporter-output>
          </reporter-output>
        </test-method> <!-- test1 -->
      </class> <!-- testcases.HomeLoanTest -->
    </test> <!-- Test -->
  </suite> <!-- Regression -->
</testng-results>
